2025-01-21 20:14:40,167 [Worker-1: Loading available Gradle versions] INFO  o.e.b.c.i.u.g.PublishedGradleVersions - Gradle version information cache is not available. Remote download required.
2025-01-21 20:15:56,083 [Worker-0: Updating Maven Dependencies] INFO  o.e.m.c.i.l.LifecycleMappingFactory - Using org.eclipse.m2e.jdt.JarLifecycleMapping lifecycle mapping for MavenProject: com.devsuperior:dslist:0.0.1-SNAPSHOT @ F:\desenvolvimento\cursos\udemy\java-spring\dslist-backend\pom.xml.
2025-01-21 20:15:56,706 [Worker-2: Building] INFO  o.e.m.c.i.l.LifecycleMappingFactory - Using org.eclipse.m2e.jdt.JarLifecycleMapping lifecycle mapping for MavenProject: com.devsuperior:dslist:0.0.1-SNAPSHOT @ F:\desenvolvimento\cursos\udemy\java-spring\dslist-backend\pom.xml.
2025-01-21 20:15:57,652 [Worker-2: Building] WARN  o.a.m.l.i.DefaultMojoExecutionConfigurator - [1;33mParameter '[0;1;33mpropertiesEncoding[0;1;33m' is unknown for plugin '[0;1;33mmaven-resources-plugin[0;1;33m:[0;1;33m3.1.0[0;1;33m:[0;1;33mresources[0;1;33m ([0;1;33mdefault-resources[0;1;33m)[0;1;33m'[m
2025-01-21 20:15:57,674 [Worker-2: Building] WARN  o.a.m.l.i.DefaultMojoExecutionConfigurator - [1;33mParameter '[0;1;33mpropertiesEncoding[0;1;33m' is unknown for plugin '[0;1;33mmaven-resources-plugin[0;1;33m:[0;1;33m3.1.0[0;1;33m:[0;1;33mtestResources[0;1;33m ([0;1;33mdefault-testResources[0;1;33m)[0;1;33m'[m
2025-01-21 20:15:58,715 [Worker-2: Building] WARN  o.a.m.l.i.DefaultMojoExecutionConfigurator - [1;33mParameter '[0;1;33mpropertiesEncoding[0;1;33m' is unknown for plugin '[0;1;33mmaven-resources-plugin[0;1;33m:[0;1;33m3.1.0[0;1;33m:[0;1;33mresources[0;1;33m ([0;1;33mdefault-resources[0;1;33m)[0;1;33m'[m
2025-01-21 20:15:58,728 [Worker-2: Building] WARN  o.a.m.l.i.DefaultMojoExecutionConfigurator - [1;33mParameter '[0;1;33mpropertiesEncoding[0;1;33m' is unknown for plugin '[0;1;33mmaven-resources-plugin[0;1;33m:[0;1;33m3.1.0[0;1;33m:[0;1;33mtestResources[0;1;33m ([0;1;33mdefault-testResources[0;1;33m)[0;1;33m'[m
2025-01-21 20:15:58,745 [Worker-2: Building] WARN  o.a.m.l.i.DefaultMojoExecutionConfigurator - [1;33mParameter '[0;1;33mpropertiesEncoding[0;1;33m' is unknown for plugin '[0;1;33mmaven-resources-plugin[0;1;33m:[0;1;33m3.1.0[0;1;33m:[0;1;33mresources[0;1;33m ([0;1;33mdefault-resources[0;1;33m)[0;1;33m'[m
2025-01-21 20:15:59,206 [Worker-2: Building] INFO  o.e.m.c.i.embedder.EclipseLogger - Using 'UTF-8' encoding to copy filtered resources.
2025-01-21 20:15:59,215 [Worker-2: Building] INFO  o.e.m.c.i.embedder.EclipseLogger - Copying 2 resources
2025-01-21 20:15:59,244 [Worker-2: Building] INFO  o.e.m.c.i.embedder.EclipseLogger - Copying 1 resource
2025-01-21 20:15:59,253 [Worker-2: Building] WARN  o.a.m.l.i.DefaultMojoExecutionConfigurator - [1;33mParameter '[0;1;33mpropertiesEncoding[0;1;33m' is unknown for plugin '[0;1;33mmaven-resources-plugin[0;1;33m:[0;1;33m3.1.0[0;1;33m:[0;1;33mtestResources[0;1;33m ([0;1;33mdefault-testResources[0;1;33m)[0;1;33m'[m
2025-01-21 20:15:59,259 [Worker-2: Building] INFO  o.e.m.c.i.embedder.EclipseLogger - Using 'UTF-8' encoding to copy filtered resources.
2025-01-21 20:15:59,259 [Worker-2: Building] INFO  o.e.m.c.i.embedder.EclipseLogger - Copying 0 resource
2025-01-21 20:15:59,266 [Worker-2: Building] WARN  o.a.m.l.i.DefaultMojoExecutionConfigurator - [1;33mParameter '[0;1;33mpropertiesEncoding[0;1;33m' is unknown for plugin '[0;1;33mmaven-resources-plugin[0;1;33m:[0;1;33m3.1.0[0;1;33m:[0;1;33mresources[0;1;33m ([0;1;33mdefault-resources[0;1;33m)[0;1;33m'[m
2025-01-21 20:15:59,268 [Worker-2: Building] WARN  o.a.m.l.i.DefaultMojoExecutionConfigurator - [1;33mParameter '[0;1;33mpropertiesEncoding[0;1;33m' is unknown for plugin '[0;1;33mmaven-resources-plugin[0;1;33m:[0;1;33m3.1.0[0;1;33m:[0;1;33mtestResources[0;1;33m ([0;1;33mdefault-testResources[0;1;33m)[0;1;33m'[m
2025-01-21 20:16:02,227 [Worker-5: Building] WARN  o.a.m.l.i.DefaultMojoExecutionConfigurator - [1;33mParameter '[0;1;33mpropertiesEncoding[0;1;33m' is unknown for plugin '[0;1;33mmaven-resources-plugin[0;1;33m:[0;1;33m3.1.0[0;1;33m:[0;1;33mresources[0;1;33m ([0;1;33mdefault-resources[0;1;33m)[0;1;33m'[m
2025-01-21 20:16:02,231 [Worker-5: Building] WARN  o.a.m.l.i.DefaultMojoExecutionConfigurator - [1;33mParameter '[0;1;33mpropertiesEncoding[0;1;33m' is unknown for plugin '[0;1;33mmaven-resources-plugin[0;1;33m:[0;1;33m3.1.0[0;1;33m:[0;1;33mtestResources[0;1;33m ([0;1;33mdefault-testResources[0;1;33m)[0;1;33m'[m
2025-01-21 20:16:02,240 [Worker-5: Building] WARN  o.a.m.l.i.DefaultMojoExecutionConfigurator - [1;33mParameter '[0;1;33mpropertiesEncoding[0;1;33m' is unknown for plugin '[0;1;33mmaven-resources-plugin[0;1;33m:[0;1;33m3.1.0[0;1;33m:[0;1;33mresources[0;1;33m ([0;1;33mdefault-resources[0;1;33m)[0;1;33m'[m
2025-01-21 20:16:02,297 [Worker-0: Updating Maven Dependencies] INFO  o.e.m.c.i.l.LifecycleMappingFactory - Using org.eclipse.m2e.jdt.JarLifecycleMapping lifecycle mapping for MavenProject: com.devsuperior:dslist:0.0.1-SNAPSHOT @ F:\desenvolvimento\cursos\udemy\java-spring\dslist-backend\pom.xml.
2025-01-21 20:16:02,655 [Worker-5: Building] INFO  o.e.m.c.i.embedder.EclipseLogger - Using 'UTF-8' encoding to copy filtered resources.
2025-01-21 20:16:02,656 [Worker-5: Building] INFO  o.e.m.c.i.embedder.EclipseLogger - Copying 2 resources
2025-01-21 20:16:02,678 [Worker-5: Building] INFO  o.e.m.c.i.embedder.EclipseLogger - Copying 1 resource
2025-01-21 20:16:02,686 [Worker-5: Building] WARN  o.a.m.l.i.DefaultMojoExecutionConfigurator - [1;33mParameter '[0;1;33mpropertiesEncoding[0;1;33m' is unknown for plugin '[0;1;33mmaven-resources-plugin[0;1;33m:[0;1;33m3.1.0[0;1;33m:[0;1;33mtestResources[0;1;33m ([0;1;33mdefault-testResources[0;1;33m)[0;1;33m'[m
2025-01-21 20:16:02,692 [Worker-5: Building] INFO  o.e.m.c.i.embedder.EclipseLogger - Using 'UTF-8' encoding to copy filtered resources.
2025-01-21 20:16:02,693 [Worker-5: Building] INFO  o.e.m.c.i.embedder.EclipseLogger - Copying 0 resource
2025-01-21 20:16:02,697 [Worker-5: Building] WARN  o.a.m.l.i.DefaultMojoExecutionConfigurator - [1;33mParameter '[0;1;33mpropertiesEncoding[0;1;33m' is unknown for plugin '[0;1;33mmaven-resources-plugin[0;1;33m:[0;1;33m3.1.0[0;1;33m:[0;1;33mresources[0;1;33m ([0;1;33mdefault-resources[0;1;33m)[0;1;33m'[m
2025-01-21 20:16:02,698 [Worker-5: Building] WARN  o.a.m.l.i.DefaultMojoExecutionConfigurator - [1;33mParameter '[0;1;33mpropertiesEncoding[0;1;33m' is unknown for plugin '[0;1;33mmaven-resources-plugin[0;1;33m:[0;1;33m3.1.0[0;1;33m:[0;1;33mtestResources[0;1;33m ([0;1;33mdefault-testResources[0;1;33m)[0;1;33m'[m
